<?xml version="1.0" encoding="UTF-8"?>
<!-- Generated by org.testng.reporters.JUnitXMLReporter -->
<testsuite ignored="0" hostname="DESKTOP-H59BR32" failures="0" tests="0" name="Linux-Chrome" time="1.504" errors="0" timestamp="2025-03-15T17:28:10 IST">
  <testcase classname="testBase.BaseClass" name="@AfterClass testDown" time="0.001">
    <failure type="java.lang.NullPointerException">
      <![CDATA[java.lang.NullPointerException
at testBase.BaseClass.testDown(BaseClass.java:105)
at java.base/java.util.ArrayList.forEach(ArrayList.java:1541)
... Removed 30 stack frames]]>
    </failure>
  </testcase> <!-- @AfterClass testDown -->
</testsuite> <!-- Linux-Chrome -->
